INFO:root:Starting Snippets
INFO:root:Constructing parser
DEBUG:root:Constructing put subparser
DEBUG:root:Constructing get parser
INFO:root:Starting Snippets
INFO:root:Constructing parser
DEBUG:root:Constructing put subparser
DEBUG:root:Constructing get parser
INFO:root:Starting Snippets
INFO:root:Constructing parser
DEBUG:root:Constructing put subparser
DEBUG:root:Constructing get parser
INFO:root:Starting Snippets
INFO:root:Constructing parser
DEBUG:root:Constructing put subparser
DEBUG:root:Constructing get parser
INFO:root:Starting Snippets
INFO:root:Constructing parser
DEBUG:root:Constructing put subparser
DEBUG:root:Constructing get parser
INFO:root:Starting Snippets
INFO:root:Constructing parser
DEBUG:root:Constructing put subparser
DEBUG:root:Constructing get parser
INFO:root:Starting Snippets
INFO:root:Constructing parser
DEBUG:root:Constructing put subparser
DEBUG:root:Constructing get parser
INFO:root:Retreiving 'spam':'snippets.csv' to 'snippets.csv'
DEBUG:root:Opening and reading file
DEBUG:root:Reading file for snippet
INFO:root:Starting Snippets
INFO:root:Constructing parser
DEBUG:root:Constructing put subparser
DEBUG:root:Constructing get parser
INFO:root:Retreiving 'spam':'eggs' to 'snippets.csv'
DEBUG:root:Opening and reading file
DEBUG:root:Reading file for snippet
